Using pre-set license
Built from '2020.2/release' branch; Version is '2020.2.1f1 (270dd8c3da1c) revision 2559448'; Using compiler version '192528614'; Build Type 'Release'
OS: 'Windows 10  (10.0.0) 64bit' Language: 'en' Physical Memory: 65444 MB
BatchMode: 1, IsHumanControllingUs: 0, StartBugReporterOnCrash: 0, Is64bit: 1, IsPro: 0

 COMMAND LINE ARGUMENTS:
C:\Program Files\Unity\Hub\Editor\2020.2.1f1\Editor\Unity.exe
-adb2
-batchMode
-noUpm
-name
AssetImportWorker0
-projectPath
D:/Uni Work/CCTP-Project
-logFile
Logs/AssetImportWorker0.log
-srvPort
54049
Successfully changed project path to: D:/Uni Work/CCTP-Project
D:/Uni Work/CCTP-Project
Using Asset Import Pipeline V2.
Refreshing native plugins compatible for Editor in 983.63 ms, found 3 plugins.
Preloading 1 native plugins for Editor in 0.70 ms.
Initialize engine version: 2020.2.1f1 (270dd8c3da1c)
[Subsystems] Discovering subsystems at path C:/Program Files/Unity/Hub/Editor/2020.2.1f1/Editor/Data/Resources/UnitySubsystems
[Subsystems] Discovering subsystems at path D:/Uni Work/CCTP-Project/Assets
GfxDevice: creating device client; threaded=0
Direct3D:
    Version:  Direct3D 11.0 [level 11.1]
    Renderer: NVIDIA GeForce GTX 1660 Ti (ID=0x2182)
    Vendor:   
    VRAM:     5991 MB
    Driver:   27.21.14.6109
Initialize mono
Mono path[0] = 'C:/Program Files/Unity/Hub/Editor/2020.2.1f1/Editor/Data/Managed'
Mono path[1] = 'C:/Program Files/Unity/Hub/Editor/2020.2.1f1/Editor/Data/MonoBleedingEdge/lib/mono/unityjit'
Mono config path = 'C:/Program Files/Unity/Hub/Editor/2020.2.1f1/Editor/Data/MonoBleedingEdge/etc'
Using monoOptions --debugger-agent=transport=dt_socket,embedding=1,server=y,suspend=n,address=127.0.0.1:56884
Begin MonoManager ReloadAssembly
Registering precompiled unity dll's ...
Register platform support module: C:/Program Files/Unity/Hub/Editor/2020.2.1f1/Editor/Data/PlaybackEngines/WindowsStandaloneSupport/UnityEditor.WindowsStandalone.Extensions.dll
Registered in 0.096035 seconds.
Native extension for WindowsStandalone target not found
Refreshing native plugins compatible for Editor in 26.80 ms, found 3 plugins.
Preloading 1 native plugins for Editor in 0.04 ms.
Invoked RoslynAnalysisRunner static constructor.
RoslynAnalysisRunner will not be running.
RoslynAnalysisRunner has terminated.
Mono: successfully reloaded assembly
- Completed reload, in  2.684 seconds
Platform modules already initialized, skipping
Registering precompiled user dll's ...
Registered in 0.046051 seconds.
Begin MonoManager ReloadAssembly
Native extension for WindowsStandalone target not found
Refreshing native plugins compatible for Editor in 26.51 ms, found 3 plugins.
Preloading 1 native plugins for Editor in 0.04 ms.
Invoked RoslynAnalysisRunner static constructor.
RoslynAnalysisRunner will not be running.
RoslynAnalysisRunner has terminated.
[XR] OculusXRPlugin: registering subsystems
[XR] Unable to register display lifecyle provider: [1]
[XR] Oculus Input lifecycle provider registered.
[XR] Unable to register input lifecyle provider: [1]
NullReferenceException: Object reference not set to an instance of an object
  at Unity.XR.Oculus.OculusLoader.AssetPathToAbsolutePath (System.String assetPath) [0x00048] in D:\Uni Work\CCTP-Project\Library\PackageCache\com.unity.xr.oculus@1.6.1\Runtime\OculusLoader.cs:242 
  at Unity.XR.Oculus.OculusLoader.EditorLoadOVRPlugin () [0x0007b] in D:\Uni Work\CCTP-Project\Library\PackageCache\com.unity.xr.oculus@1.6.1\Runtime\OculusLoader.cs:227 

(Filename: Library/PackageCache/com.unity.xr.oculus@1.6.1/Runtime/OculusLoader.cs Line: 242)

Mono: successfully reloaded assembly
- Completed reload, in  1.750 seconds
Platform modules already initialized, skipping
========================================================================
Worker process is ready to serve import requests
Launched and connected shader compiler UnityShaderCompiler.exe after 0.06 seconds
Refreshing native plugins compatible for Editor in 0.38 ms, found 3 plugins.
Preloading 1 native plugins for Editor in 0.05 ms.
Unloading 1604 Unused Serialized files (Serialized files now loaded: 0)
System memory in use before: 78.2 MB.
System memory in use after: 78.3 MB.

Unloading 13 unused Assets to reduce memory usage. Loaded Objects now: 2056.
Total: 1.874000 ms (FindLiveObjects: 0.156500 ms CreateObjectMapping: 0.040200 ms MarkObjects: 1.588000 ms  DeleteObjects: 0.088600 ms)

========================================================================
Received Import Request.
  path: Assets/Shader/PortalShader.shader
  artifactKey: Guid(a687e4532ee805b419a99c9145c77317) Importer(815301076,1909f56bfc062723c751e8b465ee728b)
Start importing Assets/Shader/PortalShader.shader using Guid(a687e4532ee805b419a99c9145c77317) Importer(815301076,1909f56bfc062723c751e8b465ee728b)  -> (artifact id: '35c37a243806127c44b81c754fbd90c4') in 0.027993 seconds
  Import took 0.030187 seconds .

========================================================================
Received Import Request.
  Time since last request: 579.254422 seconds.
  path: Assets/Shader/RecursivePortalShader.shader
  artifactKey: Guid(cd45aef05c7fe024085b913da4dae257) Importer(815301076,1909f56bfc062723c751e8b465ee728b)
Start importing Assets/Shader/RecursivePortalShader.shader using Guid(cd45aef05c7fe024085b913da4dae257) Importer(815301076,1909f56bfc062723c751e8b465ee728b)  -> (artifact id: '337bb8272a81f219337c8c603b45df11') in 0.007402 seconds
  Import took 0.010047 seconds .

========================================================================
Received Import Request.
  Time since last request: 1068.691790 seconds.
  path: Assets/Frame.mat
  artifactKey: Guid(fb505261725239c4ab56d9419fc134f0) Importer(815301076,1909f56bfc062723c751e8b465ee728b)
Start importing Assets/Frame.mat using Guid(fb505261725239c4ab56d9419fc134f0) Importer(815301076,1909f56bfc062723c751e8b465ee728b)  -> (artifact id: '298d71a0ef11f5085efbe9dc2dd2333b') in 0.072220 seconds
  Import took 0.074902 seconds .

========================================================================
Received Import Request.
  Time since last request: 0.000182 seconds.
  path: Assets/Water.mat
  artifactKey: Guid(f6548bec80683d04d973c313c4698194) Importer(815301076,1909f56bfc062723c751e8b465ee728b)
Start importing Assets/Water.mat using Guid(f6548bec80683d04d973c313c4698194) Importer(815301076,1909f56bfc062723c751e8b465ee728b)  -> (artifact id: '0af9ffb9fc5f46ed8d7ed08cf2828444') in 0.023525 seconds
  Import took 0.025685 seconds .

========================================================================
Received Import Request.
  Time since last request: 0.000185 seconds.
  path: Assets/Wood2.mat
  artifactKey: Guid(441750a1c9d3633478f03a2c351af467) Importer(815301076,1909f56bfc062723c751e8b465ee728b)
Start importing Assets/Wood2.mat using Guid(441750a1c9d3633478f03a2c351af467) Importer(815301076,1909f56bfc062723c751e8b465ee728b)  -> (artifact id: '33fee165abb702f2730370c4751c829e') in 0.018200 seconds
  Import took 0.020658 seconds .

========================================================================
Received Import Request.
  Time since last request: 0.000183 seconds.
  path: Assets/RecursivePortal.mat
  artifactKey: Guid(c239a939411c8f24dabe8bc333a83938) Importer(815301076,1909f56bfc062723c751e8b465ee728b)
Start importing Assets/RecursivePortal.mat using Guid(c239a939411c8f24dabe8bc333a83938) Importer(815301076,1909f56bfc062723c751e8b465ee728b)  -> (artifact id: '77a793626afef74eb01d6bb6ad0d8e58') in 0.009618 seconds
  Import took 0.012049 seconds .

========================================================================
Received Import Request.
  Time since last request: 0.000151 seconds.
  path: Assets/WoodStencil.mat
  artifactKey: Guid(731247794dd12c149a3dc329bea368d5) Importer(815301076,1909f56bfc062723c751e8b465ee728b)
Start importing Assets/WoodStencil.mat using Guid(731247794dd12c149a3dc329bea368d5) Importer(815301076,1909f56bfc062723c751e8b465ee728b)  -> (artifact id: '874b404ae2380f5bdfc6403bb5bee473') in 0.027077 seconds
  Import took 0.029215 seconds .

========================================================================
Received Import Request.
  Time since last request: 0.000152 seconds.
  path: Assets/Portal2.mat
  artifactKey: Guid(28790d72175234645a4ff5859fe7a949) Importer(815301076,1909f56bfc062723c751e8b465ee728b)
Start importing Assets/Portal2.mat using Guid(28790d72175234645a4ff5859fe7a949) Importer(815301076,1909f56bfc062723c751e8b465ee728b)  -> (artifact id: '207837bcdf93c60b9f9d779a7033b4df') in 0.014638 seconds
  Import took 0.016736 seconds .

========================================================================
Received Import Request.
  Time since last request: 4206.598366 seconds.
  path: ProjectSettings/TagManager.asset
  artifactKey: Guid(00000000000000003000000000000000) Importer(815301076,1909f56bfc062723c751e8b465ee728b)
Start importing ProjectSettings/TagManager.asset using Guid(00000000000000003000000000000000) Importer(815301076,1909f56bfc062723c751e8b465ee728b)  -> (artifact id: '157d16e0c7de724b6530233c3d7a37fc') in 0.008903 seconds
  Import took 0.011594 seconds .

========================================================================
Received Prepare
Registering precompiled user dll's ...
Registered in 0.001074 seconds.
Begin MonoManager ReloadAssembly
Native extension for WindowsStandalone target not found
Refreshing native plugins compatible for Editor in 0.39 ms, found 3 plugins.
Preloading 1 native plugins for Editor in 0.06 ms.
Invoked RoslynAnalysisRunner static constructor.
RoslynAnalysisRunner will not be running.
RoslynAnalysisRunner has terminated.
NullReferenceException: Object reference not set to an instance of an object
  at Unity.XR.Oculus.OculusLoader.AssetPathToAbsolutePath (System.String assetPath) [0x00048] in D:\Uni Work\CCTP-Project\Library\PackageCache\com.unity.xr.oculus@1.6.1\Runtime\OculusLoader.cs:242 
  at Unity.XR.Oculus.OculusLoader.EditorLoadOVRPlugin () [0x0007b] in D:\Uni Work\CCTP-Project\Library\PackageCache\com.unity.xr.oculus@1.6.1\Runtime\OculusLoader.cs:227 

(Filename: Library/PackageCache/com.unity.xr.oculus@1.6.1/Runtime/OculusLoader.cs Line: 242)

Mono: successfully reloaded assembly
- Completed reload, in  0.672 seconds
Platform modules already initialized, skipping
Refreshing native plugins compatible for Editor in 0.40 ms, found 3 plugins.
Preloading 1 native plugins for Editor in 0.05 ms.
Unloading 1581 Unused Serialized files (Serialized files now loaded: 0)
System memory in use before: 81.9 MB.
System memory in use after: 82.0 MB.

Unloading 9 unused Assets to reduce memory usage. Loaded Objects now: 2099.
Total: 1.761100 ms (FindLiveObjects: 0.185800 ms CreateObjectMapping: 0.033500 ms MarkObjects: 1.467800 ms  DeleteObjects: 0.073200 ms)

========================================================================
Received Prepare
Registering precompiled user dll's ...
Registered in 0.001035 seconds.
Begin MonoManager ReloadAssembly
Native extension for WindowsStandalone target not found
Refreshing native plugins compatible for Editor in 0.40 ms, found 3 plugins.
Preloading 1 native plugins for Editor in 0.06 ms.
Invoked RoslynAnalysisRunner static constructor.
RoslynAnalysisRunner will not be running.
RoslynAnalysisRunner has terminated.
NullReferenceException: Object reference not set to an instance of an object
  at Unity.XR.Oculus.OculusLoader.AssetPathToAbsolutePath (System.String assetPath) [0x00048] in D:\Uni Work\CCTP-Project\Library\PackageCache\com.unity.xr.oculus@1.6.1\Runtime\OculusLoader.cs:242 
  at Unity.XR.Oculus.OculusLoader.EditorLoadOVRPlugin () [0x0007b] in D:\Uni Work\CCTP-Project\Library\PackageCache\com.unity.xr.oculus@1.6.1\Runtime\OculusLoader.cs:227 

(Filename: Library/PackageCache/com.unity.xr.oculus@1.6.1/Runtime/OculusLoader.cs Line: 242)

Mono: successfully reloaded assembly
- Completed reload, in  0.660 seconds
Platform modules already initialized, skipping
Refreshing native plugins compatible for Editor in 0.40 ms, found 3 plugins.
Preloading 1 native plugins for Editor in 0.05 ms.
Unloading 1581 Unused Serialized files (Serialized files now loaded: 0)
System memory in use before: 81.9 MB.
System memory in use after: 82.0 MB.

Unloading 8 unused Assets to reduce memory usage. Loaded Objects now: 2102.
Total: 1.855800 ms (FindLiveObjects: 0.250100 ms CreateObjectMapping: 0.033800 ms MarkObjects: 1.495100 ms  DeleteObjects: 0.075900 ms)

========================================================================
Received Prepare
Registering precompiled user dll's ...
Registered in 0.000883 seconds.
Begin MonoManager ReloadAssembly
Native extension for WindowsStandalone target not found
Refreshing native plugins compatible for Editor in 0.41 ms, found 3 plugins.
Preloading 1 native plugins for Editor in 0.05 ms.
Invoked RoslynAnalysisRunner static constructor.
RoslynAnalysisRunner will not be running.
RoslynAnalysisRunner has terminated.
NullReferenceException: Object reference not set to an instance of an object
  at Unity.XR.Oculus.OculusLoader.AssetPathToAbsolutePath (System.String assetPath) [0x00048] in D:\Uni Work\CCTP-Project\Library\PackageCache\com.unity.xr.oculus@1.6.1\Runtime\OculusLoader.cs:242 
  at Unity.XR.Oculus.OculusLoader.EditorLoadOVRPlugin () [0x0007b] in D:\Uni Work\CCTP-Project\Library\PackageCache\com.unity.xr.oculus@1.6.1\Runtime\OculusLoader.cs:227 

(Filename: Library/PackageCache/com.unity.xr.oculus@1.6.1/Runtime/OculusLoader.cs Line: 242)

Mono: successfully reloaded assembly
- Completed reload, in  0.659 seconds
Platform modules already initialized, skipping
Refreshing native plugins compatible for Editor in 0.41 ms, found 3 plugins.
Preloading 1 native plugins for Editor in 0.05 ms.
Unloading 1581 Unused Serialized files (Serialized files now loaded: 0)
System memory in use before: 82.0 MB.
System memory in use after: 82.0 MB.

Unloading 8 unused Assets to reduce memory usage. Loaded Objects now: 2105.
Total: 1.767300 ms (FindLiveObjects: 0.162500 ms CreateObjectMapping: 0.033200 ms MarkObjects: 1.490600 ms  DeleteObjects: 0.080100 ms)

AssetImportWorkerClient::OnTransportError - code=2 error=End of file
